Traceback (most recent call last):
  File "/home/qinyu@chapman.edu/IQVIA/iqvia_data_processing/6_extract_OUD_labels.py", line 251, in main
    oud_df = extract_oud_labels_year(year)
             ^^^^^^^^^^^^^^^^^^^^^^^^^^^^^
  File "/home/qinyu@chapman.edu/IQVIA/iqvia_data_processing/6_extract_OUD_labels.py", line 118, in extract_oud_labels_year
    icd_patterns, original_codes = load_oud_icd_codes('extracted_icd_codes.csv')
                                   ^^^^^^^^^^^^^^^^^^^^^^^^^^^^^^^^^^^^^^^^^^^^^
  File "/home/qinyu@chapman.edu/IQVIA/iqvia_data_processing/6_extract_OUD_labels.py", line 24, in load_oud_icd_codes
    icd_df = pd.read_csv(csv_path)
             ^^^^^^^^^^^^^^^^^^^^^
  File "/cm/shared/apps/anaconda3/lib/python3.12/site-packages/pandas/io/parsers/readers.py", line 1026, in read_csv
    return _read(filepath_or_buffer, kwds)
           ^^^^^^^^^^^^^^^^^^^^^^^^^^^^^^^
  File "/cm/shared/apps/anaconda3/lib/python3.12/site-packages/pandas/io/parsers/readers.py", line 620, in _read
    parser = TextFileReader(filepath_or_buffer, **kwds)
             ^^^^^^^^^^^^^^^^^^^^^^^^^^^^^^^^^^^^^^^^^^
  File "/cm/shared/apps/anaconda3/lib/python3.12/site-packages/pandas/io/parsers/readers.py", line 1620, in __init__
    self._engine = self._make_engine(f, self.engine)
                   ^^^^^^^^^^^^^^^^^^^^^^^^^^^^^^^^^
  File "/cm/shared/apps/anaconda3/lib/python3.12/site-packages/pandas/io/parsers/readers.py", line 1880, in _make_engine
    self.handles = get_handle(
                   ^^^^^^^^^^^
  File "/cm/shared/apps/anaconda3/lib/python3.12/site-packages/pandas/io/common.py", line 873, in get_handle
    handle = open(
             ^^^^^
FileNotFoundError: [Errno 2] No such file or directory: 'extracted_icd_codes.csv'
